Arguments: 
  C:\Program Files\nodejs\node.exe C:\Program Files (x86)\Yarn\bin\yarn.js add Commitizen -S

PATH: 
  C:\Ruby22-x64\bin;C:\Program Files (x86)\Common Files\Oracle\Java\javapath;C:\Windows\system32;C:\Windows;C:\Windows\System32\Wbem;C:\Windows\System32\WindowsPowerShell\v1.0\;C:\Users\Administrator\AppData\Roaming\nvm;C:\Program Files\nodejs;C:\Program Files\Java\jdk-10.0.2\bin;C:\Program Files\Git\cmd;D:\sql;C:\Program Files (x86)\Yarn\bin\;D:\Android\jdk-12.0.1\bin;D:\Android\jdk-12.0.1\jre\bin;D:\flutter\flutter\bin;C:\Users\Administrator\AppData\Local\Android\Sdk\platform-tools;C:\Users\Administrator\AppData\Local\Android\Sdk\tools;D:\mysql\bin;D:\mongodb\bin;D:\微信web开发者工具\dll;E:\Microsoft VS Code\Microsoft VS Code\bin;C:\Users\Administrator\AppData\Local\Yarn\bin;D:\flutter\flutter\bin;C:\Users\Administrator\AppData\Local\BypassRuntm

Yarn version: 
  1.16.0

Node version: 
  14.17.0

Platform: 
  win32 x64

Trace: 
  Error: http://registry.npm.taobao.org/Commitizen: [NOT_FOUND] Commitizen not found
      at Request.params.callback [as _callback] (C:\Program Files (x86)\Yarn\lib\cli.js:65200:18)
      at Request.self.callback (C:\Program Files (x86)\Yarn\lib\cli.js:129590:22)
      at Request.emit (events.js:376:20)
      at Request.<anonymous> (C:\Program Files (x86)\Yarn\lib\cli.js:130562:10)
      at Request.emit (events.js:376:20)
      at Gunzip.<anonymous> (C:\Program Files (x86)\Yarn\lib\cli.js:130484:12)
      at Object.onceWrapper (events.js:482:28)
      at Gunzip.emit (events.js:376:20)
      at endReadableNT (internal/streams/readable.js:1336:12)
      at processTicksAndRejections (internal/process/task_queues.js:82:21)

npm manifest: 
  {
    "name": "study-record",
    "version": "1.0.0",
    "description": "日常学习记录",
    "main": "index.js",
    "repository": "git@github.com:WillianLiusHao/study-record.git",
    "author": "刘志豪 <zhihaoliu@infinite.net.cn>",
    "license": "MIT",
    "private": false
  }

yarn manifest: 
  No manifest

Lockfile: 
  No lockfile
